warning: unused import: `body::Bytes`
 --> worky-api/src/lib.rs:1:12
  |
1 | ...::{body::Bytes, R...
  |       ^^^^^^^^^^^
  |
  = note: `#[warn(unused_imports)]` on by default

warning: unused import: `hyper::service::service_fn`
 --> worky-api/src/lib.rs:3:5
  |
3 | use hyper::service::service_fn;
  |     ^^^^^^^^^^^^^^^^^^^^^^^^^^

warning: unused import: `std::net::SocketAddr`
 --> worky-api/src/lib.rs:5:5
  |
5 | use std::net::SocketAddr;
  |     ^^^^^^^^^^^^^^^^^^^^

warning: `worky-api` (lib) generated 3 warnings (run `cargo fix --lib -p worky-api` to apply 3 suggestions)
   Compiling worky-cli v0.0.1 (/home/makano/workspace/worky/worky-cli)
    Finished `dev` profile [unoptimized + debuginfo] target(s) in 3.69s
     Running `target/debug/worky-cli daemon`
Daemon running on worky-ipc.sock
LOAD request:
    address: 127.0.0.1:3000
    path: ./worky-api/test/hello.js
    refresh: None
    name: Some("worker1")
